<?xml version="1.0" encoding="UTF-8"?>
<testsuite xmlns:xsi="http://www.w3.org/2001/XMLSchema-instance" xsi:noNamespaceSchemaLocation="https://maven.apache.org/surefire/maven-surefire-plugin/xsd/surefire-test-report-3.0.xsd" version="3.0" name="com.example.service.CambiarEstadoCuentaServiceTest" time="0.038" tests="5" errors="0" skipped="0" failures="0">
  <properties>
[...]
</properties>
  <testcase name="testBanearTutor" classname="com.example.service.CambiarEstadoCuentaServiceTest" time="0.022">
    <system-out><![CDATA[Hibernate: select tutor0_.id as id1_6_0_, tutor0_.apellido as apellido2_6_0_, tutor0_.email as email3_6_0_, tutor0_.estadoCuenta as estadocu4_6_0_, tutor0_.nombre as nombre5_6_0_, tutor0_.rolID as rolid6_6_0_ from tutor tutor0_ where tutor0_.id=?
Hibernate: select tutor0_.id as id1_6_0_, tutor0_.apellido as apellido2_6_0_, tutor0_.email as email3_6_0_, tutor0_.estadoCuenta as estadocu4_6_0_, tutor0_.nombre as nombre5_6_0_, tutor0_.rolID as rolid6_6_0_ from tutor tutor0_ where tutor0_.id=?
]]></system-out>
  </testcase>
  <testcase name="testBanearAdministrador" classname="com.example.service.CambiarEstadoCuentaServiceTest" time="0.001"/>
  <testcase name="testBanearUsuarioInexistente" classname="com.example.service.CambiarEstadoCuentaServiceTest" time="0.005">
    <system-out><![CDATA[Hibernate: select alumno0_.id as id1_1_0_, alumno0_.apellido as apellido2_1_0_, alumno0_.email as email3_1_0_, alumno0_.estadoCuenta as estadocu4_1_0_, alumno0_.nombre as nombre5_1_0_, alumno0_.rolID as rolid6_1_0_ from alumno alumno0_ where alumno0_.id=?
Hibernate: select alumno0_.id as id1_1_0_, alumno0_.apellido as apellido2_1_0_, alumno0_.email as email3_1_0_, alumno0_.estadoCuenta as estadocu4_1_0_, alumno0_.nombre as nombre5_1_0_, alumno0_.rolID as rolid6_1_0_ from alumno alumno0_ where alumno0_.id=?
]]></system-out>
  </testcase>
  <testcase name="testEliminarAlumno" classname="com.example.service.CambiarEstadoCuentaServiceTest" time="0.004">
    <system-out><![CDATA[Hibernate: select alumno0_.id as id1_1_0_, alumno0_.apellido as apellido2_1_0_, alumno0_.email as email3_1_0_, alumno0_.estadoCuenta as estadocu4_1_0_, alumno0_.nombre as nombre5_1_0_, alumno0_.rolID as rolid6_1_0_ from alumno alumno0_ where alumno0_.id=?
Hibernate: select alumno0_.id as id1_1_0_, alumno0_.apellido as apellido2_1_0_, alumno0_.email as email3_1_0_, alumno0_.estadoCuenta as estadocu4_1_0_, alumno0_.nombre as nombre5_1_0_, alumno0_.rolID as rolid6_1_0_ from alumno alumno0_ where alumno0_.id=?
]]></system-out>
  </testcase>
  <testcase name="testAccionNoValida" classname="com.example.service.CambiarEstadoCuentaServiceTest" time="0.001"/>
</testsuite>